Log file open, 06/09/16 17:53:37
LogInit:Display: Running engine for game: June2016Jam
LogPlatformFile: Not using cached read wrapper
LogInit:Display: RandInit(-1369996041) SRandInit(-1369996040).
LogTaskGraph: Started task graph with 4 named threads and 7 total threads with 1 sets of task threads.
LogStats: Stats thread started at 0.063401
LogInit: Version: 4.12.2-3005592+++UE4+Release-4.12
LogInit: API Version: 2992821
LogInit: Net Version: 3005592
LogDevObjectVersion: Number of dev versions registered: 13
LogDevObjectVersion:   Dev-Blueprints (B0D832E4-1F89-4F0D-ACCF-7EB736FD4AA2): 3
LogDevObjectVersion:   Dev-Build (E1C64328-A22C-4D53-A36C-8E866417BD8C): 0
LogDevObjectVersion:   Dev-Core (375EC13C-06E4-48FB-B500-84F0262A717E): 1
LogDevObjectVersion:   Dev-Editor (E4B068ED-F494-42E9-A231-DA0B2E46BB41): 2
LogDevObjectVersion:   Dev-Framework (CFFC743F-43B0-4480-9391-14DF171D2073): 6
LogDevObjectVersion:   Dev-Mobile (B02B49B5-BB20-44E9-A304-32B752E40360): 0
LogDevObjectVersion:   Dev-Networking (A4E4105C-59A1-49B5-A7C5-40C4547EDFEE): 0
LogDevObjectVersion:   Dev-Online (39C831C9-5AE6-47DC-9A44-9C173E1C8E7C): 0
LogDevObjectVersion:   Dev-Physics (78F01B33-EBEA-4F98-B9B4-84EACCB95AA2): 0
LogDevObjectVersion:   Dev-Platform (6631380F-2D4D-43E0-8009-CF276956A95A): 0
LogDevObjectVersion:   Dev-Rendering (12F88B9F-8875-4AFC-A67C-D90C383ABD29): 2
LogDevObjectVersion:   Dev-Sequencer (7B5AE74C-D270-4C10-A958-57980B212A5A): 0
LogDevObjectVersion:   Dev-VR (D7296918-1DD6-4BDD-9DE2-64A83CC13884): 0
LogInit: Compiled (64-bit): Jun  8 2016 08:57:49
LogInit: Compiled with Visual C++: 19.00.23026.00
LogInit: Build Configuration: Development
LogInit: Branch Name: ++UE4+Release-4.12
LogInit: Command line: -EpicPortal 
LogInit: Base directory: F:/Unreal Engine/Epic Games/4.12/Engine/Binaries/Win64/
LogInit: Installed Engine Build: 1
LogInit: Using libcurl 7.41.0
LogInit:  - built for x86_64-pc-win32
LogInit:  - supports SSL with WinSSL
LogInit:  - other features:
LogInit:      CURL_VERSION_SSL
LogInit:      CURL_VERSION_IPV6
LogInit:      CURL_VERSION_ASYNCHDNS
LogInit:      CURL_VERSION_LARGEFILE
LogInit:      CURL_VERSION_IDN
LogInit:  CurlRequestOptions (configurable via config and command line):
LogInit:  - bVerifyPeer = true  - Libcurl will verify peer certificate
LogInit:  - bUseHttpProxy = false  - Libcurl will NOT use HTTP proxy
LogInit:  - bDontReuseConnections = false  - Libcurl will reuse connections
LogInit:  - CertBundlePath = nullptr  - Libcurl will use whatever was configured at build time.
LogInit: Presizing for max 8388607 objects, including 0 objects not considered by GC, pre-allocating 0 bytes for permanent pool.
LogInit: Object subsystem initialized
[2016.06.09-22.53.37:108][  0]LogInit: Selected Device Profile: [Windows]
[2016.06.09-22.53.37:108][  0]LogInit: Applying CVar settings loaded from the selected device profile: [Windows]
[2016.06.09-22.53.37:116][  0]LogInit: Computer: DESKTOP-1SH5CKJ
[2016.06.09-22.53.37:116][  0]LogInit: User: Valitri
[2016.06.09-22.53.37:116][  0]LogInit: CPU Page size=65536, Cores=4
[2016.06.09-22.53.37:116][  0]LogInit: High frequency timer resolution =3.215359 MHz
[2016.06.09-22.53.37:116][  0]LogMemory: Memory total: Physical=8.0GB (8GB approx)
[2016.06.09-22.53.37:116][  0]LogMemory: Platform Memory Stats for Windows
[2016.06.09-22.53.37:116][  0]LogMemory: Process Physical Memory: 189.40 MB used, 189.40 MB peak
[2016.06.09-22.53.37:116][  0]LogMemory: Process Virtual Memory: 194.87 MB used, 194.87 MB peak
[2016.06.09-22.53.37:116][  0]LogMemory: Physical Memory: 3506.14 MB used, 8172.48 MB total
[2016.06.09-22.53.37:116][  0]LogMemory: Virtual Memory: 552.32 MB used, 134217728.00 MB total
[2016.06.09-22.53.37:139][  0]LogTextLocalizationManager: No specific translations for ('en-US') exist, so ('en') translations will be used.
[2016.06.09-22.53.37:467][  0]LogD3D11RHI: D3D11 adapters:
[2016.06.09-22.53.37:805][  0]LogD3D11RHI:    0. 'NVIDIA GeForce GTX 670' (Feature Level 11_0)
[2016.06.09-22.53.37:805][  0]LogD3D11RHI:       4026/0/4086 MB DedicatedVideo/DedicatedSystem/SharedSystem, Outputs:3, VendorId:0x10de
[2016.06.09-22.53.37:806][  0]LogD3D11RHI:    1. 'Microsoft Basic Render Driver' (Feature Level 11_0)
[2016.06.09-22.53.37:806][  0]LogD3D11RHI:       0/0/4086 MB DedicatedVideo/DedicatedSystem/SharedSystem, Outputs:0, VendorId:0x1414
[2016.06.09-22.53.37:806][  0]LogD3D11RHI: Chosen D3D11 Adapter: 0
[2016.06.09-22.53.37:808][  0]LogD3D11RHI: Creating new Direct3DDevice
[2016.06.09-22.53.37:808][  0]LogD3D11RHI:     GPU DeviceId: 0x1189 (for the marketing name, search the web for "GPU Device Id")
[2016.06.09-22.53.37:808][  0]LogWindows: EnumDisplayDevices:
[2016.06.09-22.53.37:809][  0]LogWindows:    0. 'NVIDIA GeForce GTX 670' (P:1 D:1)
[2016.06.09-22.53.37:809][  0]LogWindows:    1. 'NVIDIA GeForce GTX 670' (P:0 D:1)
[2016.06.09-22.53.37:809][  0]LogWindows:    2. 'NVIDIA GeForce GTX 670' (P:0 D:1)
[2016.06.09-22.53.37:809][  0]LogWindows:    3. 'NVIDIA GeForce GTX 670' (P:0 D:0)
[2016.06.09-22.53.37:809][  0]LogWindows: DebugString: FoundDriverCount:4 
[2016.06.09-22.53.37:809][  0]LogD3D11RHI:     Adapter Name: NVIDIA GeForce GTX 670
[2016.06.09-22.53.37:809][  0]LogD3D11RHI:   Driver Version: 368.39 (internal:10.18.13.6839, unified:368.39)
[2016.06.09-22.53.37:809][  0]LogD3D11RHI:      Driver Date: 6-2-2016
[2016.06.09-22.53.37:809][  0]LogRHI: Texture pool is 1361 MB (70% of 1945 MB)
[2016.06.09-22.53.38:133][  0]LogD3D11RHI: Async texture creation enabled
[2016.06.09-22.53.38:159][  0]LogD3D11RHI: GPU Timing Frequency: 1000.000000 (Debug: 2 2)
[2016.06.09-22.53.38:159][  0]LogShaderCompilers: Guid format shader working directory is 20 characters bigger than the processId version (E:/June 2016 Jam/June2016Jam/Intermediate/Shaders/WorkingDirectory/5224/).
[2016.06.09-22.53.38:160][  0]LogShaderCompilers: Cleaned the shader compiler working directory 'C:/Users/Valitri/AppData/Local/Temp/UnrealShaderWorkingDir/CE5FD47149ECE6262566678C7F88D4B0/'.
[2016.06.09-22.53.38:160][  0]LogShaderCompilers:Display: Using Local Shader Compiler.
[2016.06.09-22.53.38:893][  0]LogTemp:Display: Loaded TP AllDesktopTargetPlatform
[2016.06.09-22.53.38:899][  0]LogTemp:Display: Loaded TP WindowsClientTargetPlatform
[2016.06.09-22.53.38:906][  0]LogTemp:Display: Loaded TP WindowsNoEditorTargetPlatform
[2016.06.09-22.53.38:913][  0]LogTemp:Display: Loaded TP WindowsServerTargetPlatform
[2016.06.09-22.53.38:920][  0]LogTemp:Display: Loaded TP WindowsTargetPlatform
[2016.06.09-22.53.38:925][  0]LogTemp:Display: Loaded TP AndroidTargetPlatform
[2016.06.09-22.53.38:931][  0]LogTemp:Display: Loaded TP Android_ASTCTargetPlatform
[2016.06.09-22.53.38:937][  0]LogTemp:Display: Loaded TP Android_ATCTargetPlatform
[2016.06.09-22.53.38:942][  0]LogTemp:Display: Loaded TP Android_DXTTargetPlatform
[2016.06.09-22.53.38:948][  0]LogTemp:Display: Loaded TP Android_ETC1TargetPlatform
[2016.06.09-22.53.38:953][  0]LogTemp:Display: Loaded TP Android_ETC2TargetPlatform
[2016.06.09-22.53.38:965][  0]LogTemp:Display: Loaded TP Android_MultiTargetPlatform
[2016.06.09-22.53.38:965][  0]LogTemp:Display: Loaded TP Android_PVRTCTargetPlatform
[2016.06.09-22.53.38:966][  0]LogTemp:Display: Loaded TP HTML5TargetPlatform
[2016.06.09-22.53.38:984][  0]LogTemp:Display: Loaded TP IOSTargetPlatform
[2016.06.09-22.53.38:989][  0]LogTemp:Display: Loaded TP TVOSTargetPlatform
[2016.06.09-22.53.38:995][  0]LogTemp:Display: Loaded TP LinuxNoEditorTargetPlatform
[2016.06.09-22.53.39:001][  0]LogTemp:Display: Loaded TP LinuxServerTargetPlatform
[2016.06.09-22.53.39:008][  0]LogTemp:Display: Loaded TP LinuxTargetPlatform
[2016.06.09-22.53.39:008][  0]LogTargetPlatformManager:Display: Building Assets For Windows
[2016.06.09-22.53.39:054][  0]LogDerivedDataCache:Display: Max Cache Size: 512 MB
[2016.06.09-22.53.39:105][  0]LogDerivedDataCache: Loaded boot cache 0.05s 62MB C:/Users/Valitri/AppData/Local/UnrealEngine/4.12/DerivedDataCache/Boot.ddc.
[2016.06.09-22.53.39:105][  0]LogDerivedDataCache:Display: Loaded Boot cache: C:/Users/Valitri/AppData/Local/UnrealEngine/4.12/DerivedDataCache/Boot.ddc
[2016.06.09-22.53.39:105][  0]LogDerivedDataCache: FDerivedDataBackendGraph:  Pak pak cache file E:/June 2016 Jam/June2016Jam/DerivedDataCache/DDC.ddp not found, will not use a pak cache.
[2016.06.09-22.53.39:105][  0]LogDerivedDataCache: Unable to find inner node Pak for hierarchical cache Hierarchy.
[2016.06.09-22.53.39:105][  0]LogDerivedDataCache: FDerivedDataBackendGraph:  CompressedPak pak cache file E:/June 2016 Jam/June2016Jam/DerivedDataCache/Compressed.ddp not found, will not use a pak cache.
[2016.06.09-22.53.39:105][  0]LogDerivedDataCache: Unable to find inner node CompressedPak for hierarchical cache Hierarchy.
[2016.06.09-22.53.39:119][  0]LogDerivedDataCache:Display: Pak cache opened for reading ../../../Engine/DerivedDataCache/Compressed.ddp.
[2016.06.09-22.53.39:131][  0]LogDerivedDataCache: Using Local data cache path C:/Users/Valitri/AppData/Local/UnrealEngine/Common/DerivedDataCache: Writable
[2016.06.09-22.53.39:281][  0]LogInit: Selected Device Profile: [Windows]
[2016.06.09-22.53.39:281][  0]LogContentStreaming: Texture pool size is 0.00 MB
[2016.06.09-22.53.39:403][  0]LogMeshUtilities: No automatic mesh reduction module available
[2016.06.09-22.53.39:403][  0]LogMeshUtilities: No automatic mesh merging module available
[2016.06.09-22.53.39:403][  0]LogMeshUtilities: No distributed automatic mesh merging module available
[2016.06.09-22.53.39:614][  0]LogAssetRegistry: FAssetRegistry took 0.0210 seconds to start up
[2016.06.09-22.53.39:632][  0]LogPackageLocalizationCache: Processed 3 localized package path(s) for 2 prioritized culture(s) in 0.015566 seconds
[2016.06.09-22.53.39:636][  0]LogUObjectArray: 28739 objects as part of root set at end of initial load.
[2016.06.09-22.53.39:636][  0]LogUObjectAllocator: 5855624 out of 0 bytes used by permanent object pool.
[2016.06.09-22.53.39:636][  0]LogUObjectArray: CloseDisregardForGC: 0/0 objects in disregard for GC pool
[2016.06.09-22.53.39:640][  0]LogInit: WinSock: version 1.1 (2.2), MaxSocks=32767, MaxUdp=65467
[2016.06.09-22.53.39:762][  0]LogSlate: SlateFontCache - WITH_FREETYPE: 1, WITH_HARFBUZZ: 1
[2016.06.09-22.53.39:762][  0]LogSlate: SlateFontCache - WITH_FREETYPE: 1, WITH_HARFBUZZ: 1
[2016.06.09-22.53.40:277][  0]LogUdpMessaging: Initializing bridge on interface 0.0.0.0:0 to multicast group 230.0.0.1:6666.
[2016.06.09-22.53.40:453][  0]SourceControl: Info Source control is disabled
[2016.06.09-22.53.40:475][  0]SourceControl: Info Source control is disabled
[2016.06.09-22.53.40:480][  0]SourceControl: Info Source control is disabled
[2016.06.09-22.53.40:484][  0]SourceControl: Info Source control is disabled
[2016.06.09-22.53.40:615][  0]LogEngine: Initializing Engine...
[2016.06.09-22.53.40:616][  0]LogHMD: SteamVR failed to initialize.  Err: 110
[2016.06.09-22.53.40:616][  0]LogHMD: SteamVR failed to initialize.  Err: 110
[2016.06.09-22.53.40:721][  0]LogAIModule: Creating AISystem for world NewWorld
[2016.06.09-22.53.40:725][  0]LogInit: XAudio2 using 'Speakers (ASUS Xonar DG Audio Device)' : 2 channels at 48 kHz using 24 bits per sample (channel mask 0x3)
[2016.06.09-22.53.40:730][  0]LogInit: FAudioDevice initialized.
[2016.06.09-22.53.40:756][  0]LogDerivedDataCache: Saved boot cache 0.03s 62MB C:/Users/Valitri/AppData/Local/UnrealEngine/4.12/DerivedDataCache/Boot.ddc.
[2016.06.09-22.53.40:765][  0]LogInit: Texture streaming: Enabled
[2016.06.09-22.53.40:779][  0]LogInit: Transaction tracking system initialized
[2016.06.09-22.53.40:792][  0]BlueprintLog: New page: Editor Load
[2016.06.09-22.53.40:894][  0]LocalizationService: Info Localization service is disabled
[2016.06.09-22.53.40:954][  0]LogConsoleResponse:Display: 
[2016.06.09-22.53.41:044][  0]LogCook:Display: Max memory allowance for cook 8192mb
[2016.06.09-22.53.41:044][  0]LogCook:Display: Mobile HDR setting 1
[2016.06.09-22.53.41:106][  0]LogFileCache: Scanning file cache for directory 'E:/June 2016 Jam/June2016Jam/Content/' took 0.01s
[2016.06.09-22.53.41:106][  0]SourceControl: Info Source control is disabled
[2016.06.09-22.53.41:152][  0]LogFactory: FactoryCreateFile: PackFactory with PackFactory (0 0 F:/Unreal Engine/Epic Games/4.12/FeaturePacks/StarterContent.upack)
[2016.06.09-22.53.41:157][  0]LogPackFactory: Finished extracting 8 files (including 0 errors).
[2016.06.09-22.53.51:690][  0]LogWindowsTextInputMethodSystem:Display: IME system now deactivated.
[2016.06.09-22.53.51:692][  0]LogAssetTools:Warning: Failed to import 'F:/Unreal Engine/Epic Games/4.12/FeaturePacks/StarterContent.upack'. Failed to create asset '/Game/StarterContent'
[2016.06.09-22.53.51:708][  0]LogFeaturePack:Warning: No objects imported installing pack StarterContent.upack
[2016.06.09-22.53.51:708][  0]LogFeaturePack:Warning: Inserted 0 feature packs
[2016.06.09-22.53.51:710][  0]Cmd: MAP LOAD FILE="E:/June 2016 Jam/June2016Jam/Content/FirstPersonBP/Maps/FirstPersonExampleMap.umap" TEMPLATE=0 SHOWPROGRESS=1 FEATURELEVEL=3
[2016.06.09-22.53.51:710][  0]LightingResults: New page: Lighting Build
[2016.06.09-22.53.51:712][  0]MapCheck: New page: Map Check
[2016.06.09-22.53.51:712][  0]LightingResults: New page: Lighting Build
[2016.06.09-22.53.52:209][  0]LogTexture:Display: Building textures: HQ_Lightmap1_1 (AutoDXT)
[2016.06.09-22.53.52:738][  0]LogTexture:Display: Building textures: HQ_Lightmap1_2 (AutoDXT)
[2016.06.09-22.53.53:243][  0]LogTexture:Display: Building textures: HQ_Lightmap1_3 (AutoDXT)
[2016.06.09-22.53.53:776][  0]LogTexture:Display: Building textures: HQ_Lightmap1_4 (AutoDXT)
[2016.06.09-22.53.54:236][  0]LogTexture:Display: Building textures: HQ_Lightmap1_5 (AutoDXT)
[2016.06.09-22.53.55:102][  0]LogTexture:Display: Building textures: HQ_Lightmap1_6 (AutoDXT)
[2016.06.09-22.53.56:002][  0]LogTexture:Display: Building textures: HQ_Lightmap1_7 (AutoDXT)
[2016.06.09-22.53.56:531][  0]LogTexture:Display: Building textures: HQ_Lightmap1_8 (AutoDXT)
[2016.06.09-22.53.56:570][  0]LogTexture:Display: Building textures: LQ_Lightmap_1_1 (DXT1)
[2016.06.09-22.53.56:777][  0]LogTexture:Display: Building textures: LQ_Lightmap_1_2 (DXT1)
[2016.06.09-22.53.56:990][  0]LogTexture:Display: Building textures: LQ_Lightmap_1_3 (DXT1)
[2016.06.09-22.53.57:206][  0]LogTexture:Display: Building textures: LQ_Lightmap_1_4 (DXT1)
[2016.06.09-22.53.57:419][  0]LogTexture:Display: Building textures: LQ_Lightmap_1_5 (DXT1)
[2016.06.09-22.53.57:722][  0]LogTexture:Display: Building textures: LQ_Lightmap_1_6 (DXT1)
[2016.06.09-22.53.57:998][  0]LogTexture:Display: Building textures: LQ_Lightmap_1_7 (DXT1)
[2016.06.09-22.53.58:212][  0]LogTexture:Display: Building textures: LQ_Lightmap_1_8 (DXT1)
[2016.06.09-22.53.58:215][  0]LogTexture:Display: Building textures: SkyOcclusion0_8 (AutoDXT)
[2016.06.09-22.53.58:233][  0]LogTexture:Display: Building textures: SkyOcclusion1_1 (AutoDXT)
[2016.06.09-22.53.58:467][  0]LogTexture:Display: Building textures: SkyOcclusion1_2 (AutoDXT)
[2016.06.09-22.53.58:697][  0]LogTexture:Display: Building textures: SkyOcclusion1_3 (AutoDXT)
[2016.06.09-22.53.58:920][  0]LogTexture:Display: Building textures: SkyOcclusion1_4 (AutoDXT)
[2016.06.09-22.53.59:133][  0]LogTexture:Display: Building textures: SkyOcclusion1_5 (AutoDXT)
[2016.06.09-22.53.59:465][  0]LogTexture:Display: Building textures: SkyOcclusion1_6 (AutoDXT)
[2016.06.09-22.53.59:801][  0]LogTexture:Display: Building textures: SkyOcclusion1_7 (AutoDXT)
[2016.06.09-22.54.00:080][  0]LogTexture:Display: Building textures: ShadowMapTexture2D_10 (G8)
[2016.06.09-22.54.00:149][  0]LogTexture:Display: Building textures: ShadowMapTexture2D_11 (G8)
[2016.06.09-22.54.00:216][  0]LogTexture:Display: Building textures: ShadowMapTexture2D_12 (G8)
[2016.06.09-22.54.00:282][  0]LogTexture:Display: Building textures: ShadowMapTexture2D_13 (G8)
[2016.06.09-22.54.00:348][  0]LogTexture:Display: Building textures: ShadowMapTexture2D_14 (G8)
[2016.06.09-22.54.00:409][  0]LogTexture:Display: Building textures: ShadowMapTexture2D_15 (G8)
[2016.06.09-22.54.00:416][  0]LogTexture:Display: Building textures: ShadowMapTexture2D_7 (G8)
[2016.06.09-22.54.00:483][  0]LogTexture:Display: Building textures: ShadowMapTexture2D_9 (G8)
[2016.06.09-22.54.00:730][  0]LogTexture:Display: Building textures: T_ML_Rubber_Blue_01_D (AutoDXT)
[2016.06.09-22.54.05:930][  0]LogTexture:Display: Building textures: T_ML_Rubber_Blue_01_N (BC5)
[2016.06.09-22.54.06:521][  0]LogTexture:Display: Building textures: T_ML_Aluminum01 (AutoDXT)
[2016.06.09-22.54.11:692][  0]LogTexture:Display: Building textures: T_ML_Aluminum01_N (BC5)
[2016.06.09-22.54.12:197][  0]LogTexture:Display: Building textures: UE4_Mannequin_MAT_MASKA (AutoDXT)
[2016.06.09-22.54.12:396][  0]LogTexture:Display: Building textures: UE4_Mannequin__normals (BC5)
[2016.06.09-22.54.12:879][  0]LogTexture:Display: Building textures: UE4_LOGO_CARD (AutoDXT)
[2016.06.09-22.54.13:062][  0]LogTexture:Display: Building textures: FirstPersonCrosshair (AutoDXT)
[2016.06.09-22.54.13:173][  0]LogTexture:Display: Building textures: T_FPGun_N (BC5)
[2016.06.09-22.54.13:650][  0]LogTexture:Display: Building textures: T_FPGun_M (AutoDXT)
[2016.06.09-22.54.14:379][  0]LogTexture:Display: Building textures: T_ML_Aluminum01_N (BC5)
[2016.06.09-22.54.15:012][  0]LogTexture:Display: Building textures: T_ML_Aluminum01 (AutoDXT)
[2016.06.09-22.54.20:252][  0]LogTexture:Display: Building textures: T_ML_Rubber_Blue_01_N (BC5)
[2016.06.09-22.54.20:847][  0]LogTexture:Display: Building textures: T_ML_Rubber_Blue_01_D (AutoDXT)
[2016.06.09-22.54.25:854][  0]LogAIModule: Creating AISystem for world FirstPersonExampleMap
[2016.06.09-22.54.25:965][  0]LogEditorServer: Finished looking for orphan Actors (0.000 secs)
[2016.06.09-22.54.25:972][  0]Cmd: MAP CHECKDEP NOCLEARLOG
[2016.06.09-22.54.26:008][  0]MapCheck: Info Map check complete: 0 Error(s), 0 Warning(s), took 35.817ms to complete.
[2016.06.09-22.54.26:008][  0]LogFileHelpers: Loading map 'FirstPersonExampleMap' took 34.298
[2016.06.09-22.54.26:604][  0]LogCollectionManager: Loaded 0 collections in 0.001119 seconds
[2016.06.09-22.54.26:826][  0]LogFileCache: Scanning file cache for directory 'E:/June 2016 Jam/June2016Jam/Saved/Collections/' took 0.01s
[2016.06.09-22.54.26:826][  0]LogFileCache: Scanning file cache for directory 'E:/June 2016 Jam/June2016Jam/Content/Developers/Valitri/Collections/' took 0.01s
[2016.06.09-22.54.26:826][  0]LogFileCache: Scanning file cache for directory 'E:/June 2016 Jam/June2016Jam/Content/Collections/' took 0.01s
[2016.06.09-22.54.26:826][  0]LogCollectionManager: Rebuilt the GUID cache for 0 collections in 0.000002 seconds
[2016.06.09-22.54.26:835][  0]LogContentBrowser: Native class hierarchy populated in 0.0070 seconds. Added 2047 classes and 369 folders.
[2016.06.09-22.54.26:871][  0]LogStats: UGameplayTagsManager::ConstructGameplayTagTree: Construct from data asset -  0.000 s
[2016.06.09-22.54.26:872][  0]LogStats: UGameplayTagsManager::ConstructGameplayTagTree: GameplayTagTreeChangedEvent.Broadcast -  0.000 s
[2016.06.09-22.54.26:872][  0]LogContentBrowser: Native class hierarchy updated for 'GameplayTags' in 0.0003 seconds. Added 12 classes and 0 folders.
[2016.06.09-22.54.26:889][  0]LogContentBrowser: Native class hierarchy updated for 'WidgetCarousel' in 0.0003 seconds. Added 0 classes and 0 folders.
[2016.06.09-22.54.26:919][  0]LogContentBrowser: Native class hierarchy updated for 'AddContentDialog' in 0.0003 seconds. Added 0 classes and 0 folders.
[2016.06.09-22.54.26:961][  0]LogContentBrowser: Native class hierarchy updated for 'SceneOutliner' in 0.0003 seconds. Added 1 classes and 2 folders.
[2016.06.09-22.54.27:265][  0]LogCrashTracker: Crashtracker disabled due to settings.
[2016.06.09-22.54.27:372][  0]LogTexture:Display: Building textures: Blueprint_64x (BGRA8)
[2016.06.09-22.54.27:373][  0]LogTexture:Display: Building textures: icon_Editor_Preferences_General_40x (BGRA8)
[2016.06.09-22.54.27:374][  0]LogTexture:Display: Building textures: Paper2DSprite_TutorialIcon (BGRA8)
[2016.06.09-22.54.27:376][  0]LogTexture:Display: Building textures: icon_ShowSkeletalMeshes_40x (BGRA8)
[2016.06.09-22.54.27:377][  0]LogTexture:Display: Building textures: Landscape (BGRA8)
[2016.06.09-22.54.27:378][  0]LogTexture:Display: Building textures: Foliage (BGRA8)
[2016.06.09-22.54.27:423][  0]LogContentBrowser: Native class hierarchy updated for 'HierarchicalLODOutliner' in 0.0003 seconds. Added 1 classes and 2 folders.
[2016.06.09-22.54.27:424][  0]LogLoad: Full Startup: 50.77 seconds (BP compile: 0.18 seconds)
[2016.06.09-22.54.27:424][  0]LogExternalProfiler: No external profilers were discovered.  External profiling features will not be available.
[2016.06.09-22.54.27:763][  0]LogOcInput: OculusInput pre-init called
[2016.06.09-22.54.27:851][  0]LogContentStreaming: Texture pool size now 1000 MB
[2016.06.09-22.54.27:871][  0]LogTexture:Display: Building textures: icon_tab_Levels_40x (BGRA8)
[2016.06.09-22.54.28:175][  0]LogTexture:Display: Building textures: LevelGrid1DStripes (BGRA8)
[2016.06.09-22.54.28:305][  0]LogRenderer: Reallocating scene render targets to support 1616x808 (Frame:2).
[2016.06.09-22.54.28:833][  2]LogAssetRegistry: Asset discovery search completed in 49.2406 seconds
[2016.06.09-22.54.28:833][  2]LogCollectionManager: Rebuilt the object cache for 0 collections in 0.000001 seconds (found 0 objects)
[2016.06.09-22.54.28:834][  2]LogCollectionManager: Fixed up redirectors for 0 collections in 0.000029 seconds (updated 0 objects)
[2016.06.09-22.54.29:156][  3]LogWindowsTextInputMethodSystem:Display: IME system now deactivated.
[2016.06.09-22.54.32:100][287]LogWindowsTextInputMethodSystem:Display: IME system now deactivated.
[2016.06.09-22.54.32:323][288]Cmd: QUIT_EDITOR
[2016.06.09-22.54.32:364][288]LogExit: Preparing to exit.
[2016.06.09-22.54.33:372][288]LogExit: Editor shut down
[2016.06.09-22.54.33:372][288]LogExit: Transaction tracking system shut down
[2016.06.09-22.54.33:554][288]LogObj: Freed 0b from 0 cluster array pools.
[2016.06.09-22.54.33:554][288]LogExit: Object subsystem successfully closed.
[2016.06.09-22.54.33:572][288]LogD3D11RHI: Shutdown
[2016.06.09-22.54.33:572][288]LogD3D11RHI: CleanupD3DDevice
[2016.06.09-22.54.33:623][288]LogD3D11RHI: ~FD3D11DynamicRHI
[2016.06.09-22.54.33:631][288]LogModuleManager: Shutting down and abandoning module HierarchicalLODOutliner (213)
[2016.06.09-22.54.33:631][288]LogModuleManager: Shutting down and abandoning module CrashTracker (212)
[2016.06.09-22.54.33:631][288]LogModuleManager: Shutting down and abandoning module SceneOutliner (211)
[2016.06.09-22.54.33:631][288]LogModuleManager: Shutting down and abandoning module WidgetCarousel (210)
[2016.06.09-22.54.33:631][288]LogModuleManager: Shutting down and abandoning module AddContentDialog (209)
[2016.06.09-22.54.33:632][288]LogModuleManager: Shutting down and abandoning module GameplayTags (208)
[2016.06.09-22.54.33:632][288]LogModuleManager: Shutting down and abandoning module EditorWidgets (207)
[2016.06.09-22.54.33:632][288]LogModuleManager: Shutting down and abandoning module CollectionManager (206)
[2016.06.09-22.54.33:632][288]LogModuleManager: Shutting down and abandoning module StatsViewer (205)
[2016.06.09-22.54.33:632][288]LogModuleManager: Shutting down and abandoning module FoliageEdit (204)
[2016.06.09-22.54.33:632][288]LogModuleManager: Shutting down and abandoning module LandscapeEditor (203)
[2016.06.09-22.54.33:632][288]LogModuleManager: Shutting down and abandoning module SceneDepthPickerMode (202)
[2016.06.09-22.54.33:632][288]LogModuleManager: Shutting down and abandoning module ActorPickerMode (201)
[2016.06.09-22.54.33:632][288]LogModuleManager: Shutting down and abandoning module GeometryMode (200)
[2016.06.09-22.54.33:632][288]LogModuleManager: Shutting down and abandoning module TextureAlignMode (199)
[2016.06.09-22.54.33:632][288]LogModuleManager: Shutting down and abandoning module BspMode (198)
[2016.06.09-22.54.33:632][288]LogModuleManager: Shutting down and abandoning module HardwareSurvey (197)
[2016.06.09-22.54.33:632][288]LogModuleManager: Shutting down and abandoning module SequenceRecorderSections (196)
[2016.06.09-22.54.33:632][288]LogModuleManager: Shutting down and abandoning module SequenceRecorder (195)
[2016.06.09-22.54.33:632][288]LogModuleManager: Shutting down and abandoning module AutomationWorker (194)
[2016.06.09-22.54.33:632][288]LogModuleManager: Shutting down and abandoning module MatineeToLevelSequence (193)
[2016.06.09-22.54.33:632][288]LogModuleManager: Shutting down and abandoning module PlacementMode (192)
[2016.06.09-22.54.33:632][288]LogModuleManager: Shutting down and abandoning module LevelSequenceEditor (191)
[2016.06.09-22.54.33:632][288]LogModuleManager: Shutting down and abandoning module CharacterAI (190)
[2016.06.09-22.54.33:632][288]LogModuleManager: Shutting down and abandoning module SmartSnapping (189)
[2016.06.09-22.54.33:632][288]LogModuleManager: Shutting down and abandoning module SessionServices (188)
[2016.06.09-22.54.33:632][288]LogModuleManager: Shutting down and abandoning module ViewportSnapping (187)
[2016.06.09-22.54.33:632][288]LogModuleManager: Shutting down and abandoning module LogVisualizer (186)
[2016.06.09-22.54.33:633][288]LogModuleManager: Shutting down and abandoning module GameProjectGeneration (185)
[2016.06.09-22.54.33:633][288]LogModuleManager: Shutting down and abandoning module IntroTutorials (184)
[2016.06.09-22.54.33:633][288]LogModuleManager: Shutting down and abandoning module EditorLiveStreaming (183)
[2016.06.09-22.54.33:633][288]LogModuleManager: Shutting down and abandoning module IOSPlatformEditor (182)
[2016.06.09-22.54.33:633][288]LogModuleManager: Shutting down and abandoning module HTML5PlatformEditor (181)
[2016.06.09-22.54.33:633][288]LogModuleManager: Shutting down and abandoning module AndroidDeviceDetection (180)
[2016.06.09-22.54.33:921][288]LogModuleManager: Shutting down and abandoning module AndroidPlatformEditor (179)
[2016.06.09-22.54.33:921][288]LogModuleManager: Shutting down and abandoning module IOSRuntimeSettings (178)
[2016.06.09-22.54.33:921][288]LogModuleManager: Shutting down and abandoning module AndroidRuntimeSettings (177)
[2016.06.09-22.54.33:921][288]LogModuleManager: Shutting down and abandoning module MergeActors (176)
[2016.06.09-22.54.33:921][288]LogModuleManager: Shutting down and abandoning module SizeMap (175)
[2016.06.09-22.54.33:921][288]LogModuleManager: Shutting down and abandoning module TreeMap (174)
[2016.06.09-22.54.33:921][288]LogModuleManager: Shutting down and abandoning module ReferenceViewer (173)
[2016.06.09-22.54.33:921][288]LogModuleManager: Shutting down and abandoning module LocalizationService (172)
[2016.06.09-22.54.33:922][288]LogModuleManager: Shutting down and abandoning module LocalizationDashboard (171)
[2016.06.09-22.54.33:922][288]LogModuleManager: Shutting down and abandoning module HardwareTargeting (170)
[2016.06.09-22.54.33:922][288]LogModuleManager: Shutting down and abandoning module DeviceProfileEditor (169)
[2016.06.09-22.54.33:922][288]LogModuleManager: Shutting down and abandoning module UndoHistory (168)
[2016.06.09-22.54.33:922][288]LogModuleManager: Shutting down and abandoning module UserFeedback (167)
[2016.06.09-22.54.33:922][288]LogModuleManager: Shutting down and abandoning module XmlParser (166)
[2016.06.09-22.54.33:922][288]LogModuleManager: Shutting down and abandoning module Blutility (165)
[2016.06.09-22.54.33:922][288]LogModuleManager: Shutting down and abandoning module ProjectTargetPlatformEditor (164)
[2016.06.09-22.54.33:922][288]LogModuleManager: Shutting down and abandoning module ProjectSettingsViewer (163)
[2016.06.09-22.54.33:922][288]LogModuleManager: Shutting down and abandoning module InputBindingEditor (162)
[2016.06.09-22.54.33:922][288]LogModuleManager: Shutting down and abandoning module EditorSettingsViewer (161)
[2016.06.09-22.54.33:922][288]LogModuleManager: Shutting down and abandoning module SettingsEditor (160)
[2016.06.09-22.54.33:922][288]LogModuleManager: Shutting down and abandoning module ProjectLauncher (159)
[2016.06.09-22.54.33:922][288]LogModuleManager: Shutting down and abandoning module SessionFrontend (158)
[2016.06.09-22.54.33:922][288]LogModuleManager: Shutting down and abandoning module ProfilerClient (157)
[2016.06.09-22.54.33:922][288]LogModuleManager: Shutting down and abandoning module TargetDeviceServices (156)
[2016.06.09-22.54.33:922][288]LogModuleManager: Shutting down and abandoning module DeviceManager (155)
[2016.06.09-22.54.33:964][288]LogModuleManager: Shutting down and abandoning module AutomationController (154)
[2016.06.09-22.54.33:964][288]LogModuleManager: Shutting down and abandoning module AutomationWindow (153)
[2016.06.09-22.54.33:964][288]LogModuleManager: Shutting down and abandoning module Layers (152)
[2016.06.09-22.54.33:964][288]LogModuleManager: Shutting down and abandoning module ComponentVisualizers (151)
[2016.06.09-22.54.33:964][288]LogModuleManager: Shutting down and abandoning module DetailCustomizations (150)
[2016.06.09-22.54.33:964][288]LogModuleManager: Shutting down and abandoning module PackagesDialog (149)
[2016.06.09-22.54.33:964][288]LogModuleManager: Shutting down and abandoning module Persona (148)
[2016.06.09-22.54.33:964][288]LogModuleManager: Shutting down and abandoning module Kismet (147)
[2016.06.09-22.54.33:964][288]LogModuleManager: Shutting down and abandoning module GraphEditor (146)
[2016.06.09-22.54.33:964][288]LogModuleManager: Shutting down and abandoning module ClassViewer (145)
[2016.06.09-22.54.33:964][288]LogModuleManager: Shutting down and abandoning module Toolbox (144)
[2016.06.09-22.54.33:964][288]LogModuleManager: Shutting down and abandoning module ModuleUI (143)
[2016.06.09-22.54.33:964][288]LogModuleManager: Shutting down and abandoning module MovieSceneTools (142)
[2016.06.09-22.54.33:964][288]LogModuleManager: Shutting down and abandoning module OutputLog (141)
[2016.06.09-22.54.33:964][288]LogModuleManager: Shutting down and abandoning module GammaUI (140)
[2016.06.09-22.54.33:964][288]LogModuleManager: Shutting down and abandoning module Documentation (139)
[2016.06.09-22.54.33:964][288]LogModuleManager: Shutting down and abandoning module StreamingPauseRendering (138)
[2016.06.09-22.54.33:964][288]LogModuleManager: Shutting down and abandoning module AnalyticsET (137)
[2016.06.09-22.54.33:964][288]LogModuleManager: Shutting down and abandoning module Analytics (136)
[2016.06.09-22.54.33:964][288]LogModuleManager: Shutting down and abandoning module PortalServices (135)
[2016.06.09-22.54.33:964][288]LogModuleManager: Shutting down and abandoning module PortalRpc (134)
[2016.06.09-22.54.33:964][288]LogModuleManager: Shutting down and abandoning module MessagingRpc (133)
[2016.06.09-22.54.33:964][288]LogModuleManager: Shutting down and abandoning module GameplayDebugger (132)
[2016.06.09-22.54.33:964][288]LogModuleManager: Shutting down and abandoning module AITestSuite (131)
[2016.06.09-22.54.33:964][288]LogModuleManager: Shutting down and abandoning module AIModule (130)
[2016.06.09-22.54.33:964][288]LogModuleManager: Shutting down and abandoning module ProfilerService (129)
[2016.06.09-22.54.34:114][288]LogModuleManager: Shutting down and abandoning module TaskGraph (128)
[2016.06.09-22.54.34:114][288]LogModuleManager: Shutting down and abandoning module SlateRemote (127)
[2016.06.09-22.54.34:114][288]LogModuleManager: Shutting down and abandoning module SteamVRController (126)
[2016.06.09-22.54.34:114][288]LogModuleManager: Shutting down and abandoning module SteamVR (125)
[2016.06.09-22.54.34:114][288]LogModuleManager: Shutting down and abandoning module ProceduralMeshComponent (124)
[2016.06.09-22.54.34:114][288]LogModuleManager: Shutting down and abandoning module OculusLibrary (123)
[2016.06.09-22.54.34:114][288]LogModuleManager: Shutting down and abandoning module OculusInput (122)
[2016.06.09-22.54.34:114][288]LogModuleManager: Shutting down and abandoning module CustomMeshComponent (121)
[2016.06.09-22.54.34:114][288]LogModuleManager: Shutting down and abandoning module CableComponent (120)
[2016.06.09-22.54.34:114][288]LogModuleManager: Shutting down and abandoning module ArchVisCharacter (119)
[2016.06.09-22.54.34:114][288]LogModuleManager: Shutting down and abandoning module MediaPlayerEditor (118)
[2016.06.09-22.54.34:114][288]LogModuleManager: Shutting down and abandoning module HTML5Networking (117)
[2016.06.09-22.54.34:114][288]LogModuleManager: Shutting down and abandoning module SuperSearch (116)
[2016.06.09-22.54.34:114][288]LogModuleManager: Shutting down and abandoning module SuperSearchEditor (115)
[2016.06.09-22.54.34:114][288]LogModuleManager: Shutting down and abandoning module SpeedTreeImporter (114)
[2016.06.09-22.54.34:114][288]LogModuleManager: Shutting down and abandoning module PluginBrowser (113)
[2016.06.09-22.54.34:114][288]LogModuleManager: Shutting down and abandoning module EpicSurvey (112)
[2016.06.09-22.54.34:114][288]LogModuleManager: Shutting down and abandoning module DesktopPlatform (111)
[2016.06.09-22.54.34:114][288]LogModuleManager: Shutting down and abandoning module VisualStudioSourceCodeAccess (110)
[2016.06.09-22.54.34:114][288]LogModuleManager: Shutting down and abandoning module UObjectPlugin (109)
[2016.06.09-22.54.34:114][288]LogModuleManager: Shutting down and abandoning module SubversionSourceControl (108)
[2016.06.09-22.54.34:114][288]LogModuleManager: Shutting down and abandoning module PerforceSourceControl (107)
[2016.06.09-22.54.34:114][288]LogModuleManager: Shutting down and abandoning module SourceControl (106)
[2016.06.09-22.54.34:114][288]LogModuleManager: Shutting down and abandoning module GitSourceControl (105)
[2016.06.09-22.54.34:114][288]LogModuleManager: Shutting down and abandoning module LightPropagationVolumeEditor (104)
[2016.06.09-22.54.34:114][288]LogModuleManager: Shutting down and abandoning module PaperTiledImporter (103)
[2016.06.09-22.54.34:114][288]LogModuleManager: Shutting down and abandoning module PaperSpriteSheetImporter (102)
[2016.06.09-22.54.34:114][288]LogModuleManager: Shutting down and abandoning module MeshPaint (101)
[2016.06.09-22.54.34:114][288]LogModuleManager: Shutting down and abandoning module PixelInspectorModule (100)
[2016.06.09-22.54.34:114][288]LogModuleManager: Shutting down and abandoning module HotReload (99)
[2016.06.09-22.54.34:115][288]LogModuleManager: Shutting down and abandoning module MainFrame (98)
[2016.06.09-22.54.34:115][288]LogModuleManager: Shutting down and abandoning module LevelEditor (97)
[2016.06.09-22.54.34:115][288]LogModuleManager: Shutting down and abandoning module ContentBrowser (96)
[2016.06.09-22.54.34:116][288]LogModuleManager: Shutting down and abandoning module Paper2DEditor (95)
[2016.06.09-22.54.34:116][288]LogModuleManager: Shutting down and abandoning module UdpMessaging (94)
[2016.06.09-22.54.34:216][288]LogModuleManager: Shutting down and abandoning module LightPropagationVolumeRuntime (93)
[2016.06.09-22.54.34:216][288]LogModuleManager: Shutting down and abandoning module Paper2D (92)
[2016.06.09-22.54.34:216][288]LogModuleManager: Shutting down and abandoning module WindowsMoviePlayer (91)
[2016.06.09-22.54.34:216][288]LogModuleManager: Shutting down and abandoning module Media (90)
[2016.06.09-22.54.34:216][288]LogModuleManager: Shutting down and abandoning module WmfMedia (89)
[2016.06.09-22.54.34:216][288]LogModuleManager: Shutting down and abandoning module MediaAssets (88)
[2016.06.09-22.54.34:216][288]LogModuleManager: Shutting down and abandoning module GameLiveStreaming (87)
[2016.06.09-22.54.34:216][288]LogModuleManager: Shutting down and abandoning module GameplayTagsEditor (86)
[2016.06.09-22.54.34:216][288]LogModuleManager: Shutting down and abandoning module OnlineBlueprintSupport (85)
[2016.06.09-22.54.34:216][288]LogModuleManager: Shutting down and abandoning module VREditor (84)
[2016.06.09-22.54.34:216][288]LogModuleManager: Shutting down and abandoning module GameplayTasksEditor (83)
[2016.06.09-22.54.34:216][288]LogModuleManager: Shutting down and abandoning module PropertyEditor (82)
[2016.06.09-22.54.34:216][288]LogModuleManager: Shutting down and abandoning module BehaviorTreeEditor (81)
[2016.06.09-22.54.34:216][288]LogModuleManager: Shutting down and abandoning module FunctionalTesting (80)
[2016.06.09-22.54.34:216][288]LogModuleManager: Shutting down and abandoning module CollisionAnalyzer (79)
[2016.06.09-22.54.34:217][288]LogModuleManager: Shutting down and abandoning module Sequencer (78)
[2016.06.09-22.54.34:217][288]LogModuleManager: Shutting down and abandoning module WorkspaceMenuStructure (77)
[2016.06.09-22.54.34:217][288]LogModuleManager: Shutting down and abandoning module MessageLog (76)
[2016.06.09-22.54.34:217][288]LogModuleManager: Shutting down and abandoning module AssetTools (75)
[2016.06.09-22.54.34:217][288]LogModuleManager: Shutting down and abandoning module UMGEditor (74)
[2016.06.09-22.54.34:217][288]LogModuleManager: Shutting down and abandoning module UMG (73)
[2016.06.09-22.54.34:217][288]LogModuleManager: Shutting down and abandoning module SlateReflector (72)
[2016.06.09-22.54.34:217][288]LogModuleManager: Shutting down and abandoning module Slate (71)
[2016.06.09-22.54.34:217][288]LogModuleManager: Shutting down and abandoning module EditorStyle (70)
[2016.06.09-22.54.34:218][288]LogModuleManager: Shutting down and abandoning module SourceCodeAccess (69)
[2016.06.09-22.54.34:218][288]LogModuleManager: Shutting down and abandoning module HeadMountedDisplay (68)
[2016.06.09-22.54.34:218][288]LogModuleManager: Shutting down and abandoning module XAudio2 (67)
[2016.06.09-22.54.34:218][288]LogModuleManager: Shutting down and abandoning module Networking (65)
[2016.06.09-22.54.34:218][288]LogModuleManager: Shutting down and abandoning module Core (64)
[2016.06.09-22.54.34:218][288]LogModuleManager: Shutting down and abandoning module DirectoryWatcher (63)
[2016.06.09-22.54.34:219][288]LogModuleManager: Shutting down and abandoning module AssetRegistry (62)
[2016.06.09-22.54.34:417][288]LogModuleManager: Shutting down and abandoning module KismetCompiler (61)
[2016.06.09-22.54.34:417][288]LogModuleManager: Shutting down and abandoning module PhysXFormats (60)
[2016.06.09-22.54.34:417][288]LogModuleManager: Shutting down and abandoning module MeshUtilities (59)
[2016.06.09-22.54.34:417][288]LogModuleManager: Shutting down and abandoning module DerivedDataCache (58)
[2016.06.09-22.54.34:658][288]LogDerivedDataCache: Shutdown
[2016.06.09-22.54.34:658][288]LogModuleManager: Shutting down and abandoning module VulkanShaderFormat (57)
[2016.06.09-22.54.34:658][288]LogModuleManager: Shutting down and abandoning module ShaderFormatOpenGL (56)
[2016.06.09-22.54.34:658][288]LogModuleManager: Shutting down and abandoning module ShaderFormatD3D (55)
[2016.06.09-22.54.34:658][288]LogModuleManager: Shutting down and abandoning module MetalShaderFormat (54)
[2016.06.09-22.54.34:658][288]LogModuleManager: Shutting down and abandoning module TextureFormatUncompressed (53)
[2016.06.09-22.54.34:658][288]LogModuleManager: Shutting down and abandoning module TextureFormatPVR (52)
[2016.06.09-22.54.34:658][288]LogModuleManager: Shutting down and abandoning module TextureFormatIntelISPCTexComp (51)
[2016.06.09-22.54.34:658][288]LogModuleManager: Shutting down and abandoning module TextureFormatDXT (50)
[2016.06.09-22.54.34:658][288]LogModuleManager: Shutting down and abandoning module ImageWrapper (49)
[2016.06.09-22.54.34:658][288]LogModuleManager: Shutting down and abandoning module TextureFormatASTC (48)
[2016.06.09-22.54.34:658][288]LogModuleManager: Shutting down and abandoning module TextureFormatAndroid (47)
[2016.06.09-22.54.34:658][288]LogModuleManager: Shutting down and abandoning module AudioFormatOpus (46)
[2016.06.09-22.54.34:658][288]LogModuleManager: Shutting down and abandoning module AudioFormatOgg (45)
[2016.06.09-22.54.34:658][288]LogModuleManager: Shutting down and abandoning module AudioFormatADPCM (44)
[2016.06.09-22.54.34:658][288]LogModuleManager: Shutting down and abandoning module LinuxTargetPlatform (43)
[2016.06.09-22.54.34:658][288]LogModuleManager: Shutting down and abandoning module LinuxServerTargetPlatform (42)
[2016.06.09-22.54.34:658][288]LogModuleManager: Shutting down and abandoning module LinuxNoEditorTargetPlatform (41)
[2016.06.09-22.54.34:658][288]LogModuleManager: Shutting down and abandoning module TVOSTargetPlatform (40)
[2016.06.09-22.54.34:658][288]LogModuleManager: Shutting down and abandoning module Messaging (39)
[2016.06.09-22.54.34:658][288]LogModuleManager: Shutting down and abandoning module IOSTargetPlatform (38)
[2016.06.09-22.54.34:658][288]LogModuleManager: Shutting down and abandoning module HTML5TargetPlatform (37)
[2016.06.09-22.54.34:658][288]LogModuleManager: Shutting down and abandoning module Android_PVRTCTargetPlatform (36)
[2016.06.09-22.54.34:658][288]LogModuleManager: Shutting down and abandoning module Android_MultiTargetPlatform (35)
[2016.06.09-22.54.34:658][288]LogModuleManager: Shutting down and abandoning module Android_ETC2TargetPlatform (34)
[2016.06.09-22.54.34:658][288]LogModuleManager: Shutting down and abandoning module Android_ETC1TargetPlatform (33)
[2016.06.09-22.54.34:658][288]LogModuleManager: Shutting down and abandoning module Android_DXTTargetPlatform (32)
[2016.06.09-22.54.34:658][288]LogModuleManager: Shutting down and abandoning module Android_ATCTargetPlatform (31)
[2016.06.09-22.54.34:658][288]LogModuleManager: Shutting down and abandoning module Android_ASTCTargetPlatform (30)
[2016.06.09-22.54.34:658][288]LogModuleManager: Shutting down and abandoning module AndroidTargetPlatform (29)
[2016.06.09-22.54.34:658][288]LogModuleManager: Shutting down and abandoning module WindowsTargetPlatform (28)
[2016.06.09-22.54.34:658][288]LogModuleManager: Shutting down and abandoning module WindowsServerTargetPlatform (27)
[2016.06.09-22.54.34:658][288]LogModuleManager: Shutting down and abandoning module WindowsNoEditorTargetPlatform (26)
[2016.06.09-22.54.34:658][288]LogModuleManager: Shutting down and abandoning module WindowsClientTargetPlatform (25)
[2016.06.09-22.54.34:658][288]LogModuleManager: Shutting down and abandoning module AllDesktopTargetPlatform (24)
[2016.06.09-22.54.34:658][288]LogModuleManager: Shutting down and abandoning module TargetPlatform (23)
[2016.06.09-22.54.34:658][288]LogModuleManager: Shutting down and abandoning module InputCore (22)
[2016.06.09-22.54.34:658][288]LogModuleManager: Shutting down and abandoning module Settings (21)
[2016.06.09-22.54.34:658][288]LogModuleManager: Shutting down and abandoning module OnlineSubsystem (19)
[2016.06.09-22.54.34:658][288]LogModuleManager: Shutting down and abandoning module HTTP (18)
[2016.06.09-22.54.39:166][288]LogModuleManager: Shutting down and abandoning module XMPP (17)
[2016.06.09-22.54.39:166][288]LogModuleManager: Shutting down and abandoning module OculusRift (16)
[2016.06.09-22.54.39:166][288]LogModuleManager: Shutting down and abandoning module ExampleDeviceProfileSelector (15)
[2016.06.09-22.54.39:166][288]LogModuleManager: Shutting down and abandoning module TextureCompressor (14)
[2016.06.09-22.54.39:166][288]LogModuleManager: Shutting down and abandoning module ShaderCore (13)
[2016.06.09-22.54.39:166][288]LogModuleManager: Shutting down and abandoning module Landscape (12)
[2016.06.09-22.54.39:166][288]LogModuleManager: Shutting down and abandoning module SlateRHIRenderer (11)
[2016.06.09-22.54.39:167][288]LogModuleManager: Shutting down and abandoning module OpenGLDrv (10)
[2016.06.09-22.54.39:167][288]LogModuleManager: Shutting down and abandoning module D3D11RHI (9)
[2016.06.09-22.54.39:167][288]LogModuleManager: Shutting down and abandoning module AnimGraphRuntime (8)
[2016.06.09-22.54.39:167][288]LogModuleManager: Shutting down and abandoning module Renderer (7)
[2016.06.09-22.54.39:167][288]LogModuleManager: Shutting down and abandoning module Engine (6)
[2016.06.09-22.54.39:167][288]LogModuleManager: Shutting down and abandoning module CoreUObject (5)
[2016.06.09-22.54.39:167][288]LogModuleManager: Shutting down and abandoning module NetworkFile (4)
[2016.06.09-22.54.39:167][288]LogModuleManager: Shutting down and abandoning module StreamingFile (3)
[2016.06.09-22.54.39:167][288]LogModuleManager: Shutting down and abandoning module SandboxFile (2)
[2016.06.09-22.54.39:167][288]LogModuleManager: Shutting down and abandoning module PakFile (1)
[2016.06.09-22.54.39:168][288]LogExit: Exiting.
[2016.06.09-22.54.39:175][288]Log file closed, 06/09/16 17:54:39
